<?xml version="1.0" encoding="UTF-8"?>
<!-- Generated by org.testng.reporters.JUnitXMLReporter -->
<testsuite hostname="BSL-BNG-L143" name="Command line test" tests="1" failures="0" timestamp="19 Jun 2017 14:51:04 GMT" time="7.429" errors="0">
  <testcase name="@BeforeTest setUp" time="0.0" classname="cmm.test.CMMGetCategoryPathTest">
    <failure type="org.openqa.selenium.WebDriverException" message="org.apache.http.conn.ConnectTimeoutException: Connect to 172.30.105.144:8080 [/172.30.105.144] failed: connect timed out
Build info: version: &amp;apos;3.4.0&amp;apos;, revision: &amp;apos;unknown&amp;apos;, time: &amp;apos;unknown&amp;apos;
System info: host: &amp;apos;BSL-BNG-L143&amp;apos;, ip: &amp;apos;192.168.171.86&amp;apos;, os.name: &amp;apos;Windows 10&amp;apos;, os.arch: &amp;apos;amd64&amp;apos;, os.version: &amp;apos;10.0&amp;apos;, java.version: &amp;apos;1.8.0_121&amp;apos;
Driver info: driver.version: HtmlUnitDriver">
      <![CDATA[org.openqa.selenium.WebDriverException: org.apache.http.conn.ConnectTimeoutException: Connect to 172.30.105.144:8080 [/172.30.105.144] failed: connect timed out
Build info: version: '3.4.0', revision: 'unknown', time: 'unknown'
System info: host: 'BSL-BNG-L143', ip: '192.168.171.86', os.name: 'Windows 10', os.arch: 'amd64', os.version: '10.0', java.version: '1.8.0_121'
Driver info: driver.version: HtmlUnitDriver
	at org.openqa.selenium.htmlunit.HtmlUnitDriver.get(HtmlUnitDriver.java:688)
	at org.openqa.selenium.htmlunit.HtmlUnitDriver.lambda$8(HtmlUnitDriver.java:657)
	at org.openqa.selenium.htmlunit.HtmlUnitDriver.lambda$0(HtmlUnitDriver.java:414)
	at java.lang.Thread.run(Thread.java:745)
Caused by: org.apache.http.conn.ConnectTimeoutException: Connect to 172.30.105.144:8080 [/172.30.105.144] failed: connect timed out
	at org.apache.http.impl.conn.DefaultHttpClientConnectionOperator.connect(DefaultHttpClientConnectionOperator.java:151)
	at org.apache.http.impl.conn.PoolingHttpClientConnectionManager.connect(PoolingHttpClientConnectionManager.java:359)
	at org.apache.http.impl.execchain.MainClientExec.establishRoute(MainClientExec.java:381)
	at org.apache.http.impl.execchain.MainClientExec.execute(MainClientExec.java:237)
	at org.apache.http.impl.execchain.ProtocolExec.execute(ProtocolExec.java:185)
	at org.apache.http.impl.execchain.RetryExec.execute(RetryExec.java:89)
	at org.apache.http.impl.execchain.RedirectExec.execute(RedirectExec.java:111)
	at org.apache.http.impl.client.InternalHttpClient.doExecute(InternalHttpClient.java:185)
	at org.apache.http.impl.client.CloseableHttpClient.execute(CloseableHttpClient.java:72)
	at com.gargoylesoftware.htmlunit.HttpWebConnection.getResponse(HttpWebConnection.java:194)
	at com.gargoylesoftware.htmlunit.WebClient.loadWebResponseFromWebConnection(WebClient.java:1372)
	at com.gargoylesoftware.htmlunit.WebClient.loadWebResponse(WebClient.java:1291)
	at com.gargoylesoftware.htmlunit.WebClient.getPage(WebClient.java:390)
	at com.gargoylesoftware.htmlunit.WebClient.getPage(WebClient.java:311)
	at org.openqa.selenium.htmlunit.HtmlUnitDriver.get(HtmlUnitDriver.java:670)
	... 3 more
Caused by: java.net.SocketTimeoutException: connect timed out
	at java.net.DualStackPlainSocketImpl.waitForConnect(Native Method)
	at java.net.DualStackPlainSocketImpl.socketConnect(DualStackPlainSocketImpl.java:85)
	at java.net.AbstractPlainSocketImpl.doConnect(AbstractPlainSocketImpl.java:350)
	at java.net.AbstractPlainSocketImpl.connectToAddress(AbstractPlainSocketImpl.java:206)
	at java.net.AbstractPlainSocketImpl.connect(AbstractPlainSocketImpl.java:188)
	at java.net.PlainSocketImpl.connect(PlainSocketImpl.java:172)
	at java.net.SocksSocketImpl.connect(SocksSocketImpl.java:392)
	at java.net.Socket.connect(Socket.java:589)
	at org.apache.http.conn.socket.PlainConnectionSocketFactory.connectSocket(PlainConnectionSocketFactory.java:75)
	at org.apache.http.impl.conn.DefaultHttpClientConnectionOperator.connect(DefaultHttpClientConnectionOperator.java:142)
	... 17 more
]]>
    </failure>
  </testcase> <!-- @BeforeTest setUp -->
  <testcase name="cmmGetCategoryPathTest" time="0.001" classname="cmm.test.CMMGetCategoryPathTest">
    <skipped/>
  </testcase> <!-- cmmGetCategoryPathTest -->
</testsuite> <!-- Command line test -->
